{"C:\\Users\\Kaiden\\Desktop\\flash-install\\src\\cloud\\cloud-cache.cjs": {"path":"C:\\Users\\Kaiden\\Desktop\\flash-install\\src\\cloud\\cloud-cache.cjs","statementMap":{"0":{"start":{"line":5,"column":0},"end":{"line":131,"column":2}},"1":{"start":{"line":18,"column":6},"end":{"line":18,"column":31}},"2":{"start":{"line":19,"column":6},"end":{"line":19,"column":25}},"3":{"start":{"line":20,"column":6},"end":{"line":20,"column":27}},"4":{"start":{"line":24,"column":6},"end":{"line":24,"column":27}},"5":{"start":{"line":25,"column":6},"end":{"line":25,"column":30}},"6":{"start":{"line":27,"column":6},"end":{"line":35,"column":7}},"7":{"start":{"line":28,"column":8},"end":{"line":34,"column":10}},"8":{"start":{"line":37,"column":6},"end":{"line":37,"column":31}},"9":{"start":{"line":41,"column":6},"end":{"line":41,"column":30}},"10":{"start":{"line":45,"column":6},"end":{"line":45,"column":43}},"11":{"start":{"line":49,"column":6},"end":{"line":51,"column":7}},"12":{"start":{"line":50,"column":8},"end":{"line":50,"column":58}},"13":{"start":{"line":52,"column":6},"end":{"line":52,"column":27}},"14":{"start":{"line":56,"column":6},"end":{"line":56,"column":25}},"15":{"start":{"line":60,"column":6},"end":{"line":62,"column":7}},"16":{"start":{"line":61,"column":8},"end":{"line":61,"column":21}},"17":{"start":{"line":63,"column":6},"end":{"line":63,"column":18}},"18":{"start":{"line":67,"column":6},"end":{"line":69,"column":7}},"19":{"start":{"line":68,"column":8},"end":{"line":68,"column":21}},"20":{"start":{"line":70,"column":6},"end":{"line":70,"column":18}},"21":{"start":{"line":74,"column":6},"end":{"line":76,"column":7}},"22":{"start":{"line":75,"column":8},"end":{"line":75,"column":21}},"23":{"start":{"line":77,"column":6},"end":{"line":77,"column":18}},"24":{"start":{"line":81,"column":6},"end":{"line":83,"column":7}},"25":{"start":{"line":82,"column":8},"end":{"line":82,"column":21}},"26":{"start":{"line":84,"column":6},"end":{"line":84,"column":18}},"27":{"start":{"line":88,"column":6},"end":{"line":90,"column":7}},"28":{"start":{"line":89,"column":8},"end":{"line":89,"column":21}},"29":{"start":{"line":91,"column":6},"end":{"line":91,"column":18}},"30":{"start":{"line":95,"column":6},"end":{"line":97,"column":7}},"31":{"start":{"line":96,"column":8},"end":{"line":96,"column":21}},"32":{"start":{"line":98,"column":6},"end":{"line":98,"column":18}},"33":{"start":{"line":102,"column":6},"end":{"line":102,"column":47}},"34":{"start":{"line":106,"column":6},"end":{"line":106,"column":35}}},"fnMap":{"0":{"name":"(anonymous_0)","decl":{"start":{"line":17,"column":4},"end":{"line":17,"column":5}},"loc":{"start":{"line":17,"column":18},"end":{"line":21,"column":5}},"line":17},"1":{"name":"(anonymous_1)","decl":{"start":{"line":23,"column":4},"end":{"line":23,"column":5}},"loc":{"start":{"line":23,"column":23},"end":{"line":38,"column":5}},"line":23},"2":{"name":"(anonymous_2)","decl":{"start":{"line":40,"column":4},"end":{"line":40,"column":5}},"loc":{"start":{"line":40,"column":20},"end":{"line":42,"column":5}},"line":40},"3":{"name":"(anonymous_3)","decl":{"start":{"line":44,"column":4},"end":{"line":44,"column":5}},"loc":{"start":{"line":44,"column":16},"end":{"line":46,"column":5}},"line":44},"4":{"name":"(anonymous_4)","decl":{"start":{"line":48,"column":4},"end":{"line":48,"column":5}},"loc":{"start":{"line":48,"column":18},"end":{"line":53,"column":5}},"line":48},"5":{"name":"(anonymous_5)","decl":{"start":{"line":55,"column":4},"end":{"line":55,"column":5}},"loc":{"start":{"line":55,"column":16},"end":{"line":57,"column":5}},"line":55},"6":{"name":"(anonymous_6)","decl":{"start":{"line":59,"column":4},"end":{"line":59,"column":5}},"loc":{"start":{"line":59,"column":48},"end":{"line":64,"column":5}},"line":59},"7":{"name":"(anonymous_7)","decl":{"start":{"line":66,"column":4},"end":{"line":66,"column":5}},"loc":{"start":{"line":66,"column":50},"end":{"line":71,"column":5}},"line":66},"8":{"name":"(anonymous_8)","decl":{"start":{"line":73,"column":4},"end":{"line":73,"column":5}},"loc":{"start":{"line":73,"column":52},"end":{"line":78,"column":5}},"line":73},"9":{"name":"(anonymous_9)","decl":{"start":{"line":80,"column":4},"end":{"line":80,"column":5}},"loc":{"start":{"line":80,"column":54},"end":{"line":85,"column":5}},"line":80},"10":{"name":"(anonymous_10)","decl":{"start":{"line":87,"column":4},"end":{"line":87,"column":5}},"loc":{"start":{"line":87,"column":56},"end":{"line":92,"column":5}},"line":87},"11":{"name":"(anonymous_11)","decl":{"start":{"line":94,"column":4},"end":{"line":94,"column":5}},"loc":{"start":{"line":94,"column":58},"end":{"line":99,"column":5}},"line":94},"12":{"name":"(anonymous_12)","decl":{"start":{"line":101,"column":4},"end":{"line":101,"column":5}},"loc":{"start":{"line":101,"column":34},"end":{"line":103,"column":5}},"line":101},"13":{"name":"(anonymous_13)","decl":{"start":{"line":105,"column":4},"end":{"line":105,"column":5}},"loc":{"start":{"line":105,"column":40},"end":{"line":107,"column":5}},"line":105}},"branchMap":{"0":{"loc":{"start":{"line":27,"column":6},"end":{"line":35,"column":7}},"type":"if","locations":[{"start":{"line":27,"column":6},"end":{"line":35,"column":7}},{"start":{},"end":{}}],"line":27},"1":{"loc":{"start":{"line":27,"column":10},"end":{"line":27,"column":34}},"type":"binary-expr","locations":[{"start":{"line":27,"column":10},"end":{"line":27,"column":16}},{"start":{"line":27,"column":20},"end":{"line":27,"column":34}}],"line":27},"2":{"loc":{"start":{"line":45,"column":13},"end":{"line":45,"column":42}},"type":"binary-expr","locations":[{"start":{"line":45,"column":13},"end":{"line":45,"column":33}},{"start":{"line":45,"column":37},"end":{"line":45,"column":42}}],"line":45},"3":{"loc":{"start":{"line":49,"column":6},"end":{"line":51,"column":7}},"type":"if","locations":[{"start":{"line":49,"column":6},"end":{"line":51,"column":7}},{"start":{},"end":{}}],"line":49},"4":{"loc":{"start":{"line":60,"column":6},"end":{"line":62,"column":7}},"type":"if","locations":[{"start":{"line":60,"column":6},"end":{"line":62,"column":7}},{"start":{},"end":{}}],"line":60},"5":{"loc":{"start":{"line":60,"column":10},"end":{"line":60,"column":85}},"type":"binary-expr","locations":[{"start":{"line":60,"column":10},"end":{"line":60,"column":27}},{"start":{"line":60,"column":31},"end":{"line":60,"column":45}},{"start":{"line":60,"column":49},"end":{"line":60,"column":61}},{"start":{"line":60,"column":65},"end":{"line":60,"column":85}}],"line":60},"6":{"loc":{"start":{"line":67,"column":6},"end":{"line":69,"column":7}},"type":"if","locations":[{"start":{"line":67,"column":6},"end":{"line":69,"column":7}},{"start":{},"end":{}}],"line":67},"7":{"loc":{"start":{"line":67,"column":10},"end":{"line":67,"column":85}},"type":"binary-expr","locations":[{"start":{"line":67,"column":10},"end":{"line":67,"column":27}},{"start":{"line":67,"column":31},"end":{"line":67,"column":45}},{"start":{"line":67,"column":49},"end":{"line":67,"column":61}},{"start":{"line":67,"column":65},"end":{"line":67,"column":85}}],"line":67},"8":{"loc":{"start":{"line":74,"column":6},"end":{"line":76,"column":7}},"type":"if","locations":[{"start":{"line":74,"column":6},"end":{"line":76,"column":7}},{"start":{},"end":{}}],"line":74},"9":{"loc":{"start":{"line":74,"column":10},"end":{"line":74,"column":85}},"type":"binary-expr","locations":[{"start":{"line":74,"column":10},"end":{"line":74,"column":27}},{"start":{"line":74,"column":31},"end":{"line":74,"column":45}},{"start":{"line":74,"column":49},"end":{"line":74,"column":61}},{"start":{"line":74,"column":65},"end":{"line":74,"column":85}}],"line":74},"10":{"loc":{"start":{"line":81,"column":6},"end":{"line":83,"column":7}},"type":"if","locations":[{"start":{"line":81,"column":6},"end":{"line":83,"column":7}},{"start":{},"end":{}}],"line":81},"11":{"loc":{"start":{"line":81,"column":10},"end":{"line":81,"column":85}},"type":"binary-expr","locations":[{"start":{"line":81,"column":10},"end":{"line":81,"column":27}},{"start":{"line":81,"column":31},"end":{"line":81,"column":45}},{"start":{"line":81,"column":49},"end":{"line":81,"column":61}},{"start":{"line":81,"column":65},"end":{"line":81,"column":85}}],"line":81},"12":{"loc":{"start":{"line":88,"column":6},"end":{"line":90,"column":7}},"type":"if","locations":[{"start":{"line":88,"column":6},"end":{"line":90,"column":7}},{"start":{},"end":{}}],"line":88},"13":{"loc":{"start":{"line":88,"column":10},"end":{"line":88,"column":85}},"type":"binary-expr","locations":[{"start":{"line":88,"column":10},"end":{"line":88,"column":27}},{"start":{"line":88,"column":31},"end":{"line":88,"column":45}},{"start":{"line":88,"column":49},"end":{"line":88,"column":61}},{"start":{"line":88,"column":65},"end":{"line":88,"column":85}}],"line":88},"14":{"loc":{"start":{"line":95,"column":6},"end":{"line":97,"column":7}},"type":"if","locations":[{"start":{"line":95,"column":6},"end":{"line":97,"column":7}},{"start":{},"end":{}}],"line":95},"15":{"loc":{"start":{"line":95,"column":10},"end":{"line":95,"column":85}},"type":"binary-expr","locations":[{"start":{"line":95,"column":10},"end":{"line":95,"column":27}},{"start":{"line":95,"column":31},"end":{"line":95,"column":45}},{"start":{"line":95,"column":49},"end":{"line":95,"column":61}},{"start":{"line":95,"column":65},"end":{"line":95,"column":85}}],"line":95}},"s":{"0":5,"1":5,"2":5,"3":5,"4":0,"5":0,"6":0,"7":0,"8":0,"9":0,"10":0,"11":0,"12":0,"13":0,"14":0,"15":0,"16":0,"17":0,"18":0,"19":0,"20":0,"21":0,"22":0,"23":0,"24":0,"25":0,"26":0,"27":0,"28":0,"29":0,"30":0,"31":0,"32":0,"33":0,"34":0},"f":{"0":5,"1":0,"2":0,"3":0,"4":0,"5":0,"6":0,"7":0,"8":0,"9":0,"10":0,"11":0,"12":0,"13":0},"b":{"0":[0,0],"1":[0,0],"2":[0,0],"3":[0,0],"4":[0,0],"5":[0,0,0,0],"6":[0,0],"7":[0,0,0,0],"8":[0,0],"9":[0,0,0,0],"10":[0,0],"11":[0,0,0,0],"12":[0,0],"13":[0,0,0,0],"14":[0,0],"15":[0,0,0,0]},"inputSourceMap":null,"_coverageSchema":"1a1c01bbd47fc00a2c39e90264f33305004495a9","hash":"773d273c93b5719e8366b34d7fa24e579b28768b"}
,"C:\\Users\\Kaiden\\Desktop\\flash-install\\src\\cloud\\s3-provider.cjs": {"path":"C:\\Users\\Kaiden\\Desktop\\flash-install\\src\\cloud\\s3-provider.cjs","statementMap":{"0":{"start":{"line":5,"column":0},"end":{"line":93,"column":2}},"1":{"start":{"line":9,"column":6},"end":{"line":9,"column":27}},"2":{"start":{"line":10,"column":6},"end":{"line":10,"column":31}},"3":{"start":{"line":13,"column":6},"end":{"line":30,"column":8}},"4":{"start":{"line":15,"column":10},"end":{"line":27,"column":11}},"5":{"start":{"line":16,"column":12},"end":{"line":16,"column":105}},"6":{"start":{"line":17,"column":17},"end":{"line":27,"column":11}},"7":{"start":{"line":18,"column":12},"end":{"line":18,"column":39}},"8":{"start":{"line":19,"column":17},"end":{"line":27,"column":11}},"9":{"start":{"line":20,"column":12},"end":{"line":26,"column":15}},"10":{"start":{"line":23,"column":18},"end":{"line":23,"column":47}},"11":{"start":{"line":28,"column":10},"end":{"line":28,"column":37}},"12":{"start":{"line":34,"column":6},"end":{"line":34,"column":30}},"13":{"start":{"line":35,"column":6},"end":{"line":35,"column":31}},"14":{"start":{"line":41,"column":6},"end":{"line":46,"column":7}},"15":{"start":{"line":42,"column":8},"end":{"line":42,"column":78}},"16":{"start":{"line":43,"column":8},"end":{"line":43,"column":33}},"17":{"start":{"line":45,"column":8},"end":{"line":45,"column":20}},"18":{"start":{"line":52,"column":6},"end":{"line":57,"column":7}},"19":{"start":{"line":53,"column":8},"end":{"line":53,"column":78}},"20":{"start":{"line":54,"column":8},"end":{"line":54,"column":33}},"21":{"start":{"line":56,"column":8},"end":{"line":56,"column":20}},"22":{"start":{"line":63,"column":6},"end":{"line":68,"column":7}},"23":{"start":{"line":64,"column":8},"end":{"line":64,"column":79}},"24":{"start":{"line":65,"column":8},"end":{"line":65,"column":37}},"25":{"start":{"line":67,"column":8},"end":{"line":67,"column":38}},"26":{"start":{"line":72,"column":6},"end":{"line":72,"column":67}},"27":{"start":{"line":76,"column":6},"end":{"line":76,"column":31}},"28":{"start":{"line":80,"column":6},"end":{"line":90,"column":7}},"29":{"start":{"line":81,"column":25},"end":{"line":81,"column":95}},"30":{"start":{"line":82,"column":8},"end":{"line":87,"column":11}},"31":{"start":{"line":89,"column":8},"end":{"line":89,"column":37}}},"fnMap":{"0":{"name":"(anonymous_0)","decl":{"start":{"line":8,"column":4},"end":{"line":8,"column":5}},"loc":{"start":{"line":8,"column":24},"end":{"line":31,"column":5}},"line":8},"1":{"name":"(anonymous_1)","decl":{"start":{"line":14,"column":43},"end":{"line":14,"column":44}},"loc":{"start":{"line":14,"column":56},"end":{"line":29,"column":9}},"line":14},"2":{"name":"(anonymous_2)","decl":{"start":{"line":22,"column":30},"end":{"line":22,"column":31}},"loc":{"start":{"line":22,"column":44},"end":{"line":24,"column":17}},"line":22},"3":{"name":"(anonymous_3)","decl":{"start":{"line":33,"column":4},"end":{"line":33,"column":5}},"loc":{"start":{"line":33,"column":17},"end":{"line":36,"column":5}},"line":33},"4":{"name":"(anonymous_4)","decl":{"start":{"line":38,"column":4},"end":{"line":38,"column":5}},"loc":{"start":{"line":38,"column":44},"end":{"line":47,"column":5}},"line":38},"5":{"name":"(anonymous_5)","decl":{"start":{"line":49,"column":4},"end":{"line":49,"column":5}},"loc":{"start":{"line":49,"column":46},"end":{"line":58,"column":5}},"line":49},"6":{"name":"(anonymous_6)","decl":{"start":{"line":60,"column":4},"end":{"line":60,"column":5}},"loc":{"start":{"line":60,"column":33},"end":{"line":69,"column":5}},"line":60},"7":{"name":"(anonymous_7)","decl":{"start":{"line":71,"column":4},"end":{"line":71,"column":5}},"loc":{"start":{"line":71,"column":28},"end":{"line":73,"column":5}},"line":71},"8":{"name":"(anonymous_8)","decl":{"start":{"line":75,"column":4},"end":{"line":75,"column":5}},"loc":{"start":{"line":75,"column":33},"end":{"line":77,"column":5}},"line":75},"9":{"name":"(anonymous_9)","decl":{"start":{"line":79,"column":4},"end":{"line":79,"column":5}},"loc":{"start":{"line":79,"column":38},"end":{"line":91,"column":5}},"line":79}},"branchMap":{"0":{"loc":{"start":{"line":15,"column":10},"end":{"line":27,"column":11}},"type":"if","locations":[{"start":{"line":15,"column":10},"end":{"line":27,"column":11}},{"start":{"line":17,"column":17},"end":{"line":27,"column":11}}],"line":15},"1":{"loc":{"start":{"line":17,"column":17},"end":{"line":27,"column":11}},"type":"if","locations":[{"start":{"line":17,"column":17},"end":{"line":27,"column":11}},{"start":{"line":19,"column":17},"end":{"line":27,"column":11}}],"line":17},"2":{"loc":{"start":{"line":19,"column":17},"end":{"line":27,"column":11}},"type":"if","locations":[{"start":{"line":19,"column":17},"end":{"line":27,"column":11}},{"start":{},"end":{}}],"line":19}},"s":{"0":1,"1":11,"2":11,"3":11,"4":3,"5":0,"6":3,"7":1,"8":2,"9":1,"10":0,"11":1,"12":11,"13":11,"14":2,"15":2,"16":1,"17":1,"18":2,"19":2,"20":1,"21":1,"22":2,"23":2,"24":1,"25":1,"26":1,"27":1,"28":0,"29":0,"30":0,"31":0},"f":{"0":11,"1":3,"2":0,"3":11,"4":2,"5":2,"6":2,"7":1,"8":1,"9":0},"b":{"0":[0,3],"1":[1,2],"2":[1,1]},"inputSourceMap":null,"_coverageSchema":"1a1c01bbd47fc00a2c39e90264f33305004495a9","hash":"a30e50698a71f194e4ced3f0b73681dd63526962"}
}
